TN:
SF:allTypes.js
FNF:0
FNH:0
DA:1,7
LF:1
LH:1
BRF:0
BRH:0
end_of_record
TN:
SF:classes/Airport.js
FN:4,(anonymous_0)
FN:11,(anonymous_1)
FN:20,(anonymous_2)
FN:24,(anonymous_3)
FNF:4
FNH:4
FNDA:6,(anonymous_0)
FNDA:9,(anonymous_1)
FNDA:5,(anonymous_2)
FNDA:2,(anonymous_3)
DA:2,2
DA:5,6
DA:6,6
DA:7,6
DA:8,6
DA:12,9
DA:13,1
DA:15,8
DA:16,8
DA:21,5
DA:25,2
DA:26,2
DA:27,2
DA:31,2
LF:14
LH:14
BRDA:12,0,0,1
BRDA:12,0,1,8
BRF:2
BRH:2
end_of_record
TN:
SF:classes/Bag.js
FN:2,(anonymous_0)
FN:11,(anonymous_1)
FNF:2
FNH:2
FNDA:7,(anonymous_0)
FNDA:2,(anonymous_1)
DA:3,7
DA:4,1
DA:6,6
DA:7,6
DA:8,6
DA:12,2
DA:13,1
DA:15,1
DA:20,3
LF:9
LH:9
BRDA:3,0,0,1
BRDA:3,0,1,6
BRDA:12,1,0,1
BRDA:12,1,1,1
BRF:4
BRH:4
end_of_record
TN:
SF:classes/Item.js
FN:3,(anonymous_0)
FN:13,(anonymous_1)
FN:20,(anonymous_2)
FNF:3
FNH:3
FNDA:14,(anonymous_0)
FNDA:12,(anonymous_1)
FNDA:2,(anonymous_2)
DA:1,4
DA:4,14
DA:5,1
DA:7,13
DA:8,13
DA:14,12
DA:15,11
DA:21,2
DA:25,4
LF:9
LH:9
BRDA:4,0,0,1
BRDA:4,0,1,13
BRF:2
BRH:2
end_of_record
TN:
SF:classes/Person.js
FN:3,(anonymous_0)
FN:14,(anonymous_1)
FN:20,(anonymous_2)
FN:24,(anonymous_3)
FN:30,(anonymous_4)
FN:38,(anonymous_5)
FN:42,(anonymous_6)
FNF:7
FNH:7
FNDA:17,(anonymous_0)
FNDA:9,(anonymous_1)
FNDA:10,(anonymous_2)
FNDA:1,(anonymous_3)
FNDA:1,(anonymous_4)
FNDA:6,(anonymous_5)
FNDA:9,(anonymous_6)
DA:1,4
DA:4,17
DA:5,17
DA:6,1
DA:8,16
DA:9,16
DA:10,16
DA:15,9
DA:21,10
DA:25,1
DA:31,1
DA:32,1
DA:39,6
DA:43,9
DA:48,4
LF:15
LH:15
BRDA:5,0,0,1
BRDA:5,0,1,16
BRF:2
BRH:2
end_of_record
TN:
SF:classes/Plane.js
FN:4,(anonymous_0)
FN:15,(anonymous_1)
FN:17,(anonymous_2)
FN:29,(anonymous_3)
FNF:4
FNH:4
FNDA:8,(anonymous_0)
FNDA:4,(anonymous_1)
FNDA:8,(anonymous_2)
FNDA:3,(anonymous_3)
DA:1,3
DA:5,8
DA:6,7
DA:8,1
DA:10,7
DA:11,7
DA:12,7
DA:13,7
DA:16,4
DA:17,4
DA:18,8
DA:20,1
DA:22,7
DA:23,7
DA:26,4
DA:30,3
DA:31,3
DA:35,3
LF:18
LH:18
BRDA:5,0,0,7
BRDA:5,0,1,1
BRDA:18,1,0,1
BRDA:18,1,1,7
BRF:4
BRH:4
end_of_record
TN:
SF:classes/Shop.js
FN:2,(anonymous_0)
FN:8,(anonymous_1)
FN:12,(anonymous_2)
FNF:3
FNH:3
FNDA:4,(anonymous_0)
FNDA:5,(anonymous_1)
FNDA:13,(anonymous_2)
DA:3,4
DA:4,4
DA:5,4
DA:9,5
DA:13,13
DA:17,4
LF:6
LH:6
BRF:0
BRH:0
end_of_record
